c:\users\yshak\documents\ece30834\cs334-2022fall\cs334\x64\debug\vc143.pdb
c:\users\yshak\documents\ece30834\cs334-2022fall\cs334\x64\debug\vc143.idb
c:\users\yshak\documents\ece30834\cs334-2022fall\cs334\x64\debug\v3.obj
c:\users\yshak\documents\ece30834\cs334-2022fall\cs334\x64\debug\scene.obj
c:\users\yshak\documents\ece30834\cs334-2022fall\cs334\x64\debug\m33.obj
c:\users\yshak\documents\ece30834\cs334-2022fall\cs334\x64\debug\gui.obj
c:\users\yshak\documents\ece30834\cs334-2022fall\cs334\x64\debug\framebuffer.obj
c:\users\yshak\documents\ece30834\cs334-2022fall\cs334\x64\debug\tm.obj
c:\users\yshak\documents\ece30834\cs334-2022fall\cs334\x64\debug\ppc.obj
c:\users\yshak\documents\ece30834\cs334-2022fall\cs334\x64\debug\cs334.lib
c:\users\yshak\documents\ece30834\cs334-2022fall\cs334\x64\debug\cs334.exp
c:\users\yshak\documents\ece30834\cs334-2022fall\cs334\x64\debug\cs334.exe
c:\users\yshak\documents\ece30834\cs334-2022fall\cs334\x64\debug\cs334.ilk
c:\users\yshak\documents\ece30834\cs334-2022fall\cs334\x64\debug\cs334.pdb
c:\users\yshak\documents\ece30834\cs334-2022fall\cs334\x64\debug\cs334.tlog\cl.command.1.tlog
c:\users\yshak\documents\ece30834\cs334-2022fall\cs334\x64\debug\cs334.tlog\cl.read.1.tlog
c:\users\yshak\documents\ece30834\cs334-2022fall\cs334\x64\debug\cs334.tlog\cl.write.1.tlog
c:\users\yshak\documents\ece30834\cs334-2022fall\cs334\x64\debug\cs334.tlog\cs334.write.1u.tlog
c:\users\yshak\documents\ece30834\cs334-2022fall\cs334\x64\debug\cs334.tlog\link.command.1.tlog
c:\users\yshak\documents\ece30834\cs334-2022fall\cs334\x64\debug\cs334.tlog\link.read.1.tlog
c:\users\yshak\documents\ece30834\cs334-2022fall\cs334\x64\debug\cs334.tlog\link.write.1.tlog
